2025-11-12 13:14:01,775 [INFO] Starting scraper (mode=train, per-site=3)
2025-11-12 13:14:01,776 [INFO] SITE: https://www.independent.co.uk
2025-11-12 13:14:03,996 [INFO]  -> trying: https://www.independent.co.uk/news/uk/politics/starmer-labour-streeting-pmqs-latest-updates-b2863645.html
2025-11-12 13:14:06,777 [INFO]  -> trying: https://www.independent.co.uk/news/uk/home-news/trump-bbc-sue-tim-davie-robbie-gibb-panorama-latest-news-b2863390.html
2025-11-12 13:14:10,772 [INFO]  -> trying: https://www.independent.co.uk/news/uk/crime/bristol-grooming-gang-arrests-b2863553.html
2025-11-12 13:14:13,912 [INFO] SITE: https://www.chinadaily.com.cn
2025-11-12 13:20:09,246 [INFO] Starting scraper (mode=train, per-site=3)
2025-11-12 13:20:09,247 [INFO] SITE: https://www.independent.co.uk
2025-11-12 13:20:11,421 [INFO]  -> trying: https://www.independent.co.uk/news/uk/politics/starmer-labour-streeting-pmqs-latest-updates-b2863645.html
2025-11-12 13:20:13,987 [INFO]  -> trying: https://www.independent.co.uk/news/uk/home-news/trump-bbc-sue-tim-davie-robbie-gibb-panorama-latest-news-b2863390.html
2025-11-12 13:20:16,271 [INFO]  -> trying: https://www.independent.co.uk/news/uk/crime/bristol-grooming-gang-arrests-b2863553.html
2025-11-12 13:20:18,123 [INFO] SITE: https://www.chinadaily.com.cn
2025-11-12 13:20:19,284 [INFO]  -> trying: https://www.chinadaily.com.cn/a/202511/12/WS6913f720a310fc20369a4a3f.html
2025-11-12 13:20:21,783 [INFO]  -> trying: http://newspress.chinadaily.net.cn/outline?page=3&ChannelID=22000&randno=21659&templet=&resultid=1774
2025-11-12 13:20:34,340 [WARNING] Fetch error (HTTPConnectionPool(host='newspress.chinadaily.net.cn', port=80): Max retries exceeded with url: /outline?page=3&ChannelID=22000&randno=21659&templet=&resultid=1774 (Caused by ConnectTimeoutError(<urllib3.connection.HTTPConnection object at 0x000001AF050E6E70>, 'Connection to newspress.chinadaily.net.cn timed out. (connect timeout=12)'))) for http://newspress.chinadaily.net.cn/outline?page=3&ChannelID=22000&randno=21659&templet=&resultid=1774
2025-11-12 13:20:47,619 [WARNING] Fetch error (HTTPConnectionPool(host='newspress.chinadaily.net.cn', port=80): Max retries exceeded with url: /outline?page=3&ChannelID=22000&randno=21659&templet=&resultid=1774 (Caused by ConnectTimeoutError(<urllib3.connection.HTTPConnection object at 0x000001AF093D95B0>, 'Connection to newspress.chinadaily.net.cn timed out. (connect timeout=12)'))) for http://newspress.chinadaily.net.cn/outline?page=3&ChannelID=22000&randno=21659&templet=&resultid=1774
2025-11-12 13:21:01,150 [WARNING] Fetch error (HTTPConnectionPool(host='newspress.chinadaily.net.cn', port=80): Max retries exceeded with url: /outline?page=3&ChannelID=22000&randno=21659&templet=&resultid=1774 (Caused by ConnectTimeoutError(<urllib3.connection.HTTPConnection object at 0x000001AF093D9AC0>, 'Connection to newspress.chinadaily.net.cn timed out. (connect timeout=12)'))) for http://newspress.chinadaily.net.cn/outline?page=3&ChannelID=22000&randno=21659&templet=&resultid=1774
2025-11-12 13:21:03,598 [INFO]  -> trying: http://epaper.chinadaily.com.cn/global
2025-11-12 13:21:07,099 [INFO]  -> trying: https://www.chinadaily.com.cn/a/202511/12/WS6913f271a310fc20369a4a01.html
2025-11-12 13:21:08,898 [INFO]  -> trying: https://www.chinadaily.com.cn/a/202511/11/WS6912ff28a310fc20369a47b2.html
2025-11-12 13:21:11,148 [INFO]  -> trying: https://www.chinadaily.com.cn/a/202511/12/WS6913cd70a310fc20369a4852.html
2025-11-12 13:21:13,686 [INFO]  -> trying: https://www.chinadaily.com.cn/a/202511/12/WS6913da2aa310fc20369a48a1.html
2025-11-12 13:21:15,858 [INFO] SITE: https://www.japantimes.co.jp
2025-11-12 13:21:17,038 [WARNING] Non-200 403 for https://www.japantimes.co.jp
2025-11-12 13:21:19,183 [WARNING] Non-200 403 for https://www.japantimes.co.jp
2025-11-12 13:21:21,964 [WARNING] Non-200 403 for https://www.japantimes.co.jp
2025-11-12 13:21:22,992 [WARNING] Failed to fetch homepage https://www.japantimes.co.jp
2025-11-12 13:21:22,993 [WARNING] No candidate links found for https://www.japantimes.co.jp
2025-11-12 13:21:22,993 [WARNING] Extracted 0 articles for https://www.japantimes.co.jp
2025-11-12 13:21:22,993 [INFO] SITE: https://www.france24.com
2025-11-12 13:21:24,757 [WARNING] Non-200 403 for https://www.france24.com
2025-11-12 13:21:26,638 [WARNING] Non-200 403 for https://www.france24.com
2025-11-12 13:21:29,345 [INFO]  -> trying: https://www.france24.com/en/replay/closed-captioned-newscast
2025-11-12 13:21:31,624 [INFO]  -> trying: https://www.france24.com/en/tv-shows/latest-shows/
2025-11-12 13:21:31,811 [WARNING] Non-200 403 for https://www.france24.com/en/tv-shows/latest-shows/
2025-11-12 13:21:33,229 [WARNING] Non-200 403 for https://www.france24.com/en/tv-shows/latest-shows/
2025-11-12 13:21:34,581 [WARNING] Non-200 403 for https://www.france24.com/en/tv-shows/latest-shows/
2025-11-12 13:21:37,287 [INFO]  -> trying: https://emailing.france24.com/en/subscribe
2025-11-12 13:21:40,147 [INFO]  -> trying: https://www.france24.com/en/news-alerts-settings
2025-11-12 13:21:40,426 [WARNING] Non-200 403 for https://www.france24.com/en/news-alerts-settings
2025-11-12 13:21:42,304 [WARNING] Non-200 403 for https://www.france24.com/en/news-alerts-settings
2025-11-12 13:21:45,468 [INFO]  -> trying: https://www.france24.com
2025-11-12 13:21:45,776 [WARNING] Non-200 403 for https://www.france24.com
2025-11-12 13:21:47,606 [WARNING] Non-200 403 for https://www.france24.com
2025-11-12 13:21:48,853 [WARNING] Non-200 403 for https://www.france24.com
2025-11-12 13:21:51,981 [INFO]  -> trying: https://www.france24.com/en/france/20251112-inside-french-police-extremism-hotline-radicalisation-counter-terrorism
2025-11-12 13:21:52,157 [WARNING] Non-200 403 for https://www.france24.com/en/france/20251112-inside-french-police-extremism-hotline-radicalisation-counter-terrorism
2025-11-12 13:21:53,455 [WARNING] Non-200 403 for https://www.france24.com/en/france/20251112-inside-french-police-extremism-hotline-radicalisation-counter-terrorism
2025-11-12 13:21:55,415 [WARNING] Non-200 403 for https://www.france24.com/en/france/20251112-inside-french-police-extremism-hotline-radicalisation-counter-terrorism
2025-11-12 13:21:58,809 [INFO]  -> trying: https://www.france24.com/en/france/20250704-should-france-s-incel-threat-be-treated-like-terrorism
2025-11-12 13:21:58,982 [WARNING] Non-200 403 for https://www.france24.com/en/france/20250704-should-france-s-incel-threat-be-treated-like-terrorism
2025-11-12 13:22:02,874 [INFO] Saved 9 articles to news_hybrid_training.csv and news_hybrid_training.json
2025-11-12 13:22:02,991 [INFO] Inserted/updated 9 rows into articles table
